<?xml version="1.0" encoding="UTF-8"?>
<!-- Generated by org.testng.reporters.JUnitReportReporter -->
<testsuite hostname="LAPTOP-Q0O87TP0" failures="0" tests="7" name="apps.pets.AccountsTest" time="45.447" errors="0" timestamp="24 Jun 2022 03:25:59 GMT" skipped="0">
  <testcase classname="apps.pets.AccountsTest" name="FavoriteCategoryReptiles" time="4.034"/>
  <testcase classname="apps.pets.AccountsTest" name="FavoriteCategoryDog" time="4.204"/>
  <testcase classname="apps.pets.AccountsTest" name="FavoriteCategoryFish" time="3.976"/>
  <testcase classname="apps.pets.AccountsTest" name="UpdatepassWord" time="4.195"/>
  <testcase classname="apps.pets.AccountsTest" name="UpdateAccountPhoneNumber" time="20.804"/>
  <testcase classname="apps.pets.AccountsTest" name="FavoriteCategoryBirds" time="4.127"/>
  <testcase classname="apps.pets.AccountsTest" name="FavoriteCategoryCat" time="4.107"/>
</testsuite> <!-- apps.pets.AccountsTest -->
