<?xml version="1.0" encoding="UTF-8"?>
<!-- Generated by org.testng.reporters.JUnitReportReporter -->
<testsuite hostname="LAPTOP-Q0O87TP0" failures="0" tests="3" name="apps.pets.RegisterTest" time="18.007" errors="0" timestamp="24 Jun 2022 03:25:59 GMT" skipped="0">
  <testcase classname="apps.pets.RegisterTest" name="Create2ndAccount" time="9.581"/>
  <testcase classname="apps.pets.RegisterTest" name="RegisterAnAccount" time="4.261"/>
  <testcase classname="apps.pets.RegisterTest" name="InvalidRegisterAccount" time="4.165"/>
</testsuite> <!-- apps.pets.RegisterTest -->
