<?xml version="1.0" encoding="UTF-8"?>
<!-- Generated by org.testng.reporters.JUnitReportReporter -->
<testsuite hostname="LAPTOP-Q0O87TP0" failures="0" tests="5" name="apps.pets.SearchTest" time="74.176" errors="0" timestamp="24 Jun 2022 03:25:59 GMT" skipped="0">
  <testcase classname="apps.pets.SearchTest" name="SearchInvaliditem" time="5.071"/>
  <testcase classname="apps.pets.SearchTest" name="Searchmultiplepets" time="28.484"/>
  <testcase classname="apps.pets.SearchTest" name="SearchSnake" time="5.295"/>
  <testcase classname="apps.pets.SearchTest" name="searchMultiplePetsWithExcel" time="29.953"/>
  <testcase classname="apps.pets.SearchTest" name="SearchValiditem" time="5.373"/>
</testsuite> <!-- apps.pets.SearchTest -->
