<?xml version="1.0" encoding="UTF-8"?>
<!-- Generated by org.testng.reporters.JUnitReportReporter -->
<testsuite hostname="LAPTOP-Q0O87TP0" failures="0" tests="7" name="apps.pets.FishTest" time="27.524" errors="0" timestamp="24 Jun 2022 03:25:59 GMT" skipped="0">
  <testcase classname="apps.pets.FishTest" name="MaleGoldFishDesc" time="3.751"/>
  <testcase classname="apps.pets.FishTest" name="SpottedKoiDesc" time="3.542"/>
  <testcase classname="apps.pets.FishTest" name="smallAngelfishDesc" time="3.555"/>
  <testcase classname="apps.pets.FishTest" name="FemaleGoldFishDesc" time="4.010"/>
  <testcase classname="apps.pets.FishTest" name="NonSpottedKoiDesc" time="3.883"/>
  <testcase classname="apps.pets.FishTest" name="largeAngelfishDesc" time="3.618"/>
  <testcase classname="apps.pets.FishTest" name="SharkDesc" time="5.165"/>
</testsuite> <!-- apps.pets.FishTest -->
