<?xml version="1.0" encoding="UTF-8"?>
<!-- Generated by org.testng.reporters.JUnitReportReporter -->
<testsuite hostname="LAPTOP-Q0O87TP0" failures="0" tests="4" name="apps.pets.CatsTest" time="14.486" errors="0" timestamp="24 Jun 2022 03:25:59 GMT" skipped="0">
  <testcase classname="apps.pets.CatsTest" name="FemalePersianCatDesc" time="3.485"/>
  <testcase classname="apps.pets.CatsTest" name="TailessManxCatDesc" time="3.820"/>
  <testcase classname="apps.pets.CatsTest" name="MalePersianCatDesc" time="3.581"/>
  <testcase classname="apps.pets.CatsTest" name="WithTailManxCatDesc" time="3.600"/>
</testsuite> <!-- apps.pets.CatsTest -->
