<?xml version="1.0" encoding="UTF-8"?>
<!-- Generated by org.testng.reporters.JUnitReportReporter -->
<testsuite hostname="LAPTOP-Q0O87TP0" failures="0" tests="16" name="apps.pets.CartTest" time="117.739" errors="0" timestamp="24 Jun 2022 03:25:59 GMT" skipped="0">
  <testcase classname="apps.pets.CartTest" name="UpdateVenomlessSnakeQty" time="14.305"/>
  <testcase classname="apps.pets.CartTest" name="LoggedinRattleSnakeCarted" time="4.438"/>
  <testcase classname="apps.pets.CartTest" name="ParrotCarted" time="19.396"/>
  <testcase classname="apps.pets.CartTest" name="BullDogCarted" time="3.735"/>
  <testcase classname="apps.pets.CartTest" name="TigerSharkCarted" time="3.924"/>
  <testcase classname="apps.pets.CartTest" name="UpdateSharkQtyCart" time="3.989"/>
  <testcase classname="apps.pets.CartTest" name="RattleSnakeCarted" time="3.721"/>
  <testcase classname="apps.pets.CartTest" name="LoggedinParrotCart" time="4.800"/>
  <testcase classname="apps.pets.CartTest" name="UpdatePersianCatQty" time="12.635"/>
  <testcase classname="apps.pets.CartTest" name="LoggedinBullDogCarted" time="4.507"/>
  <testcase classname="apps.pets.CartTest" name="LoggedinPersianCatCarted" time="4.425"/>
  <testcase classname="apps.pets.CartTest" name="LoggedinSharkCart" time="4.342"/>
  <testcase classname="apps.pets.CartTest" name="UpdateMaleBullDogQty" time="14.478"/>
  <testcase classname="apps.pets.CartTest" name="Cart" time="3.016"/>
  <testcase classname="apps.pets.CartTest" name="UpdateParrotQtyCart" time="12.294"/>
  <testcase classname="apps.pets.CartTest" name="PersianCatCarted" time="3.734"/>
</testsuite> <!-- apps.pets.CartTest -->
