<?xml version="1.0" encoding="UTF-8"?>
<!-- Generated by org.testng.reporters.JUnitReportReporter -->
<testsuite hostname="LAPTOP-Q0O87TP0" failures="0" tests="3" name="apps.pets.CheckOutTest" time="27.454" errors="0" timestamp="24 Jun 2022 03:25:59 GMT" skipped="0">
  <testcase classname="apps.pets.CheckOutTest" name="CheckoutWithShiptodifferentAddress" time="7.225"/>
  <testcase classname="apps.pets.CheckOutTest" name="CheckoutWithCardDropDown" time="5.637"/>
  <testcase classname="apps.pets.CheckOutTest" name="Checkout" time="14.592"/>
</testsuite> <!-- apps.pets.CheckOutTest -->
