<?xml version="1.0" encoding="UTF-8"?>
<!-- Generated by org.testng.reporters.JUnitReportReporter -->
<testsuite hostname="LAPTOP-Q0O87TP0" failures="0" tests="9" name="apps.pets.OrdersTest" time="37.647" errors="0" timestamp="24 Jun 2022 03:25:59 GMT" skipped="0">
  <testcase classname="apps.pets.OrdersTest" name="Order9073" time="4.186"/>
  <testcase classname="apps.pets.OrdersTest" name="Order85940" time="4.176"/>
  <testcase classname="apps.pets.OrdersTest" name="Order9078" time="4.310"/>
  <testcase classname="apps.pets.OrdersTest" name="Order9074" time="4.067"/>
  <testcase classname="apps.pets.OrdersTest" name="Order87422" time="4.059"/>
  <testcase classname="apps.pets.OrdersTest" name="Order219350" time="4.145"/>
  <testcase classname="apps.pets.OrdersTest" name="Order9079" time="4.164"/>
  <testcase classname="apps.pets.OrdersTest" name="Order9072" time="4.223"/>
  <testcase classname="apps.pets.OrdersTest" name="Order219319" time="4.317"/>
</testsuite> <!-- apps.pets.OrdersTest -->
