<?xml version="1.0" encoding="UTF-8"?>
<!-- Generated by org.testng.reporters.JUnitReportReporter -->
<testsuite hostname="LAPTOP-Q0O87TP0" failures="0" tests="10" name="apps.pets.DogsTest" time="36.599" errors="0" timestamp="24 Jun 2022 03:25:59 GMT" skipped="0">
  <testcase classname="apps.pets.DogsTest" name="PoodleDesc" time="3.513"/>
  <testcase classname="apps.pets.DogsTest" name="AdultMaleChihuahuaDesc" time="3.648"/>
  <testcase classname="apps.pets.DogsTest" name="AdultMaleLabradorRetrieverDesc" time="3.701"/>
  <testcase classname="apps.pets.DogsTest" name="SpottedDalmationDesc" time="3.670"/>
  <testcase classname="apps.pets.DogsTest" name="AdultFemaleLabradorRetrieverDesc" time="3.607"/>
  <testcase classname="apps.pets.DogsTest" name="MaleAdultBulldogDesc" time="3.680"/>
  <testcase classname="apps.pets.DogsTest" name="AdultFemaleChihuahuaDesc" time="3.589"/>
  <testcase classname="apps.pets.DogsTest" name="GoldenRetrieverDesc" time="3.864"/>
  <testcase classname="apps.pets.DogsTest" name="SpotlessDalmationDesc" time="3.576"/>
  <testcase classname="apps.pets.DogsTest" name="FemalePuppyBulldogDesc" time="3.751"/>
</testsuite> <!-- apps.pets.DogsTest -->
