<?xml version="1.0" encoding="UTF-8"?>
<!-- Generated by org.testng.reporters.JUnitReportReporter -->
<testsuite hostname="LAPTOP-Q0O87TP0" failures="0" tests="3" name="apps.pets.ReptilesTest" time="10.797" errors="0" timestamp="24 Jun 2022 03:25:59 GMT" skipped="0">
  <testcase classname="apps.pets.ReptilesTest" name="VenomlessRattlesnakeDesc" time="3.712"/>
  <testcase classname="apps.pets.ReptilesTest" name="RattlelessRattlesnakeDesc" time="3.618"/>
  <testcase classname="apps.pets.ReptilesTest" name="GreenIguanaDesc" time="3.467"/>
</testsuite> <!-- apps.pets.ReptilesTest -->
